Parse-Server-Starter-Project/ParseStarterProject/build/intermediates/manifest_merge_blame_file/debug/manifest-merger-blame-debug-report.txt
1<?xml version="1.0" encoding="utf-8"?>
2<manifest xmlns:android="http://schemas.android.com/apk/res/android"
3    package="com.parse.starter"
4    android:versionCode="13"
5    android:versionName="1.1" >
6
7    <uses-sdk
8        android:minSdkVersion="21"
8-->src\main\AndroidManifest.xml
9        android:targetSdkVersion="29" />
9-->src\main\AndroidManifest.xml
10
11    <uses-permission android:name="android.permission.INTERNET" />
11-->src\main\AndroidManifest.xml:5:5-67
11-->src\main\AndroidManifest.xml:5:22-64
12    <uses-permission android:name="android.permission.ACCESS_NETWORK_STATE" />
12-->src\main\AndroidManifest.xml:6:5-79
12-->src\main\AndroidManifest.xml:6:22-76
13    <uses-permission android:name="android.permission.READ_EXTERNAL_STORAGE" />
13-->src\main\AndroidManifest.xml:7:5-80
13-->src\main\AndroidManifest.xml:7:22-77
14    <uses-permission android:name="android.permission.ACCESS_FINE_LOCATION" />
14-->src\main\AndroidManifest.xml:8:5-79
14-->src\main\AndroidManifest.xml:8:22-76
15
16    <uses-feature
16-->[com.google.android.gms:play-services-maps:17.0.0] AndroidManifest.xml:26:5-28:35
17        android:glEsVersion="0x00020000"
17-->[com.google.android.gms:play-services-maps:17.0.0] AndroidManifest.xml:27:9-41
18        android:required="true" />
18-->[com.google.android.gms:play-services-maps:17.0.0] AndroidManifest.xml:28:9-32
19
20    <application
20-->src\main\AndroidManifest.xml:10:5-38:19
21        android:name="com.parse.starter.StarterApplication"
21-->src\main\AndroidManifest.xml:11:9-43
22        android:allowBackup="true"
22-->src\main\AndroidManifest.xml:12:9-35
23        android:appComponentFactory="androidx.core.app.CoreComponentFactory"
23-->[androidx.core:core:1.3.1] AndroidManifest.xml:24:18-86
24        android:debuggable="true"
25        android:icon="@mipmap/ic_launcher"
25-->src\main\AndroidManifest.xml:13:9-43
26        android:label="whatsapp"
26-->src\main\AndroidManifest.xml:14:9-33
27        android:testOnly="true"
28        android:theme="@style/AppTheme"
28-->src\main\AndroidManifest.xml:15:9-40
29        android:usesCleartextTraffic="true" >
29-->src\main\AndroidManifest.xml:16:9-44
30        <activity android:name="com.parse.starter.ChatActivity" />
30-->src\main\AndroidManifest.xml:17:9-59
30-->src\main\AndroidManifest.xml:17:19-47
31        <activity android:name="com.parse.starter.UserListActivity" />
31-->src\main\AndroidManifest.xml:18:9-54
31-->src\main\AndroidManifest.xml:18:19-51
32        <activity
32-->src\main\AndroidManifest.xml:19:9-27:20
33            android:name="com.parse.starter.MainActivity"
33-->src\main\AndroidManifest.xml:20:13-41
34            android:label="whatsapp" >
34-->src\main\AndroidManifest.xml:21:13-37
35            <intent-filter>
35-->src\main\AndroidManifest.xml:22:13-26:29
36                <action android:name="android.intent.action.MAIN" />
36-->src\main\AndroidManifest.xml:23:17-69
36-->src\main\AndroidManifest.xml:23:25-66
37
38                <category android:name="android.intent.category.LAUNCHER" />
38-->src\main\AndroidManifest.xml:25:17-77
38-->src\main\AndroidManifest.xml:25:27-74
39            </intent-filter>
40        </activity>
41
42        <provider
43            android:name="androidx.core.content.FileProvider"
43-->src\main\AndroidManifest.xml:30:13-62
44            android:authorities="com.parse.starter.provider"
44-->src\main\AndroidManifest.xml:31:13-60
45            android:exported="false"
45-->src\main\AndroidManifest.xml:32:13-37
46            android:grantUriPermissions="true" >
46-->src\main\AndroidManifest.xml:33:13-47
47            <meta-data
47-->src\main\AndroidManifest.xml:34:13-36:58
48                android:name="android.support.FILE_PROVIDER_PATHS"
48-->src\main\AndroidManifest.xml:35:17-67
49                android:resource="@xml/provider_paths" />
49-->src\main\AndroidManifest.xml:36:17-55
50        </provider>
51        <!-- Needs to be explicitly declared on P+ -->
52        <uses-library
52-->[com.google.android.gms:play-services-maps:17.0.0] AndroidManifest.xml:33:9-35:40
53            android:name="org.apache.http.legacy"
53-->[com.google.android.gms:play-services-maps:17.0.0] AndroidManifest.xml:34:13-50
54            android:required="false" />
54-->[com.google.android.gms:play-services-maps:17.0.0] AndroidManifest.xml:35:13-37
55
56        <activity
56-->[com.google.android.gms:play-services-base:17.0.0] AndroidManifest.xml:23:9-26:75
57            android:name="com.google.android.gms.common.api.GoogleApiActivity"
57-->[com.google.android.gms:play-services-base:17.0.0] AndroidManifest.xml:24:13-79
58            android:exported="false"
58-->[com.google.android.gms:play-services-base:17.0.0] AndroidManifest.xml:25:13-37
59            android:theme="@android:style/Theme.Translucent.NoTitleBar" />
59-->[com.google.android.gms:play-services-base:17.0.0] AndroidManifest.xml:26:13-72
60
61        <meta-data
61-->[com.google.android.gms:play-services-basement:17.0.0] AndroidManifest.xml:23:9-25:69
62            android:name="com.google.android.gms.version"
62-->[com.google.android.gms:play-services-basement:17.0.0] AndroidManifest.xml:24:13-58
63            android:value="@integer/google_play_services_version" />
63-->[com.google.android.gms:play-services-basement:17.0.0] AndroidManifest.xml:25:13-66
64    </application>
65
66</manifest>